processing 1/1980
processing 2/1980
processing 3/1980
processing 4/1980
processing 5/1980
processing 6/1980
processing 7/1980
processing 8/1980
processing 9/1980
processing 10/1980
processing 11/1980
processing 12/1980
Traceback (most recent call last):
  File "/gpfsm/dnb33/sduan/venv/lib/python3.12/site-packages/xarray/backends/file_manager.py", line 219, in _acquire_with_cache_info
    file = self._cache[self._key]
           ~~~~~~~~~~~^^^^^^^^^^^
  File "/gpfsm/dnb33/sduan/venv/lib/python3.12/site-packages/xarray/backends/lru_cache.py", line 56, in __getitem__
    value = self._cache[key]
            ~~~~~~~~~~~^^^^^
KeyError: [<class 'h5netcdf.core.File'>, ('/gpfsm/dnb33/sduan/pipeline/data/raw/era_1980_12.nc',), 'a', (('decode_vlen_strings', True), ('driver', None), ('format', 'NETCDF4'), ('invalid_netcdf', None)), 'b4b339d7-068c-4a57-8908-b72b2df32f6b']

During handling of the above exception, another exception occurred:

Traceback (most recent call last):
  File "/gpfsm/dnb33/sduan/pipeline/src/reprocess.py", line 8, in <module>
    process_month(month,yr)
  File "/gpfsm/dnb33/sduan/pipeline/src/process.py", line 36, in process_month
    ds.to_netcdf(output_file, engine="h5netcdf", encoding=encoding)
  File "/gpfsm/dnb33/sduan/venv/lib/python3.12/site-packages/xarray/core/dataset.py", line 2110, in to_netcdf
    return to_netcdf(  # type: ignore[return-value]  # mypy cannot resolve the overloads:(
           ^^^^^^^^^^^^^^^^^^^^^^^^^^^^^^^^^^^^^^^^^^^^^^^^^^^^^^^^^^^^^^^^^^^^^^^^^^^^^^^
  File "/gpfsm/dnb33/sduan/venv/lib/python3.12/site-packages/xarray/backends/writers.py", line 422, in to_netcdf
    store = get_writable_netcdf_store(
            ^^^^^^^^^^^^^^^^^^^^^^^^^^
  File "/gpfsm/dnb33/sduan/venv/lib/python3.12/site-packages/xarray/backends/writers.py", line 78, in get_writable_netcdf_store
    return store_open(target, mode=mode, format=format, **kwargs)
           ^^^^^^^^^^^^^^^^^^^^^^^^^^^^^^^^^^^^^^^^^^^^^^^^^^^^^^
  File "/gpfsm/dnb33/sduan/venv/lib/python3.12/site-packages/xarray/backends/h5netcdf_.py", line 242, in open
    return cls(
           ^^^^
  File "/gpfsm/dnb33/sduan/venv/lib/python3.12/site-packages/xarray/backends/h5netcdf_.py", line 152, in __init__
    self._filename = find_root_and_group(self.ds)[0].filename
                                         ^^^^^^^
  File "/gpfsm/dnb33/sduan/venv/lib/python3.12/site-packages/xarray/backends/h5netcdf_.py", line 260, in ds
    return self._acquire()
           ^^^^^^^^^^^^^^^
  File "/gpfsm/dnb33/sduan/venv/lib/python3.12/site-packages/xarray/backends/h5netcdf_.py", line 252, in _acquire
    with self._manager.acquire_context(needs_lock) as root:
  File "/usr/local/other/GEOSpyD/24.3.0-0/2024-08-29/envs/py3.12/lib/python3.12/contextlib.py", line 137, in __enter__
    return next(self.gen)
           ^^^^^^^^^^^^^^
  File "/gpfsm/dnb33/sduan/venv/lib/python3.12/site-packages/xarray/backends/file_manager.py", line 207, in acquire_context
    file, cached = self._acquire_with_cache_info(needs_lock)
                   ^^^^^^^^^^^^^^^^^^^^^^^^^^^^^^^^^^^^^^^^^
  File "/gpfsm/dnb33/sduan/venv/lib/python3.12/site-packages/xarray/backends/file_manager.py", line 225, in _acquire_with_cache_info
    file = self._opener(*self._args, **kwargs)
           ^^^^^^^^^^^^^^^^^^^^^^^^^^^^^^^^^^^
  File "/gpfsm/dnb33/sduan/venv/lib/python3.12/site-packages/h5netcdf/core.py", line 1660, in __init__
    self.__h5file = self._h5py.File(
                    ^^^^^^^^^^^^^^^^
  File "/gpfsm/dnb33/sduan/venv/lib/python3.12/site-packages/h5py/_hl/files.py", line 566, in __init__
    fid = make_fid(name, mode, userblock_size, fapl, fcpl, swmr=swmr)
          ^^^^^^^^^^^^^^^^^^^^^^^^^^^^^^^^^^^^^^^^^^^^^^^^^^^^^^^^^^^
  File "/gpfsm/dnb33/sduan/venv/lib/python3.12/site-packages/h5py/_hl/files.py", line 247, in make_fid
    fid = h5f.create(name, h5f.ACC_TRUNC, fapl=fapl, fcpl=fcpl)
          ^^^^^^^^^^^^^^^^^^^^^^^^^^^^^^^^^^^^^^^^^^^^^^^^^^^^^
  File "h5py/_objects.pyx", line 54, in h5py._objects.with_phil.wrapper
  File "h5py/_objects.pyx", line 55, in h5py._objects.with_phil.wrapper
  File "h5py/h5f.pyx", line 124, in h5py.h5f.create
BlockingIOError: [Errno 11] Unable to synchronously create file (unable to lock file, errno = 11, error message = 'Resource temporarily unavailable')
processing 1/1980
processing 2/1980
processing 3/1980
processing 4/1980
processing 5/1980
processing 6/1980
processing 7/1980
processing 8/1980
processing 9/1980
processing 10/1980
processing 11/1980
processing 12/1980
merging yr
processing 1/1981
processing 2/1981
processing 3/1981
processing 4/1981
processing 5/1981
processing 6/1981
processing 7/1981
processing 8/1981
processing 9/1981
processing 10/1981
processing 11/1981
processing 12/1981
merging yr
processing 1/1982
processing 2/1982
processing 3/1982
processing 4/1982
processing 5/1982
processing 6/1982
processing 7/1982
processing 8/1982
processing 9/1982
processing 10/1982
processing 11/1982
processing 12/1982
merging yr
processing 1/1983
processing 2/1983
processing 3/1983
processing 4/1983
processing 5/1983
processing 6/1983
processing 7/1983
processing 8/1983
processing 9/1983
processing 10/1983
processing 11/1983
processing 12/1983
merging yr
processing 1/1984
processing 2/1984
processing 3/1984
processing 4/1984
processing 5/1984
processing 6/1984
processing 7/1984
processing 8/1984
processing 9/1984
processing 10/1984
processing 11/1984
processing 12/1984
merging yr
processing 1/1985
processing 2/1985
processing 3/1985
processing 4/1985
processing 5/1985
processing 6/1985
processing 7/1985
processing 8/1985
processing 9/1985
processing 10/1985
processing 11/1985
processing 12/1985
merging yr
processing 1/1986
processing 2/1986
processing 3/1986
processing 4/1986
processing 5/1986
processing 6/1986
processing 7/1986
processing 8/1986
processing 9/1986
processing 10/1986
processing 11/1986
processing 12/1986
merging yr
processing 1/1987
processing 2/1987
processing 3/1987
processing 4/1987
processing 5/1987
processing 6/1987
processing 7/1987
processing 8/1987
processing 9/1987
processing 10/1987
processing 11/1987
processing 12/1987
merging yr
processing 1/1988
processing 2/1988
processing 3/1988
processing 4/1988
processing 5/1988
processing 6/1988
processing 7/1988
processing 8/1988
processing 9/1988
processing 10/1988
processing 11/1988
processing 12/1988
merging yr
processing 1/1989
processing 2/1989
processing 3/1989
processing 4/1989
processing 5/1989
processing 6/1989
processing 7/1989
processing 8/1989
processing 9/1989
processing 10/1989
processing 11/1989
processing 12/1989
merging yr
processing 1/1990
processing 2/1990
processing 3/1990
processing 4/1990
processing 5/1990
processing 6/1990
processing 7/1990
processing 8/1990
processing 9/1990
processing 10/1990
processing 11/1990
processing 12/1990
merging yr
processing 1/1991
processing 2/1991
processing 3/1991
processing 4/1991
processing 5/1991
processing 6/1991
processing 7/1991
processing 8/1991
processing 9/1991
processing 10/1991
processing 11/1991
processing 12/1991
merging yr
processing 1/1992
processing 2/1992
processing 3/1992
processing 4/1992
processing 5/1992
processing 6/1992
processing 7/1992
processing 8/1992
processing 9/1992
processing 10/1992
processing 11/1992
processing 12/1992
merging yr
processing 1/1993
processing 2/1993
processing 3/1993
processing 4/1993
processing 5/1993
processing 6/1993
processing 7/1993
processing 8/1993
processing 9/1993
processing 10/1993
processing 11/1993
processing 12/1993
merging yr
processing 1/1994
processing 2/1994
processing 3/1994
processing 4/1994
processing 5/1994
processing 6/1994
processing 7/1994
processing 8/1994
processing 9/1994
processing 10/1994
processing 11/1994
processing 12/1994
merging yr
processing 1/1995
processing 2/1995
processing 3/1995
processing 4/1995
processing 5/1995
processing 6/1995
processing 7/1995
processing 8/1995
processing 9/1995
processing 10/1995
processing 11/1995
processing 12/1995
merging yr
processing 1/1996
processing 2/1996
processing 3/1996
processing 4/1996
processing 5/1996
processing 6/1996
processing 7/1996
processing 8/1996
processing 9/1996
processing 10/1996
processing 11/1996
processing 12/1996
merging yr
processing 1/1997
processing 2/1997
processing 3/1997
processing 4/1997
processing 5/1997
processing 6/1997
processing 7/1997
processing 8/1997
processing 9/1997
processing 10/1997
processing 11/1997
processing 12/1997
merging yr
processing 1/1998
processing 2/1998
processing 3/1998
processing 4/1998
processing 5/1998
processing 6/1998
processing 7/1998
processing 8/1998
processing 9/1998
processing 10/1998
processing 11/1998
processing 12/1998
merging yr
processing 1/1999
processing 2/1999
processing 3/1999
processing 4/1999
processing 5/1999
processing 6/1999
processing 7/1999
processing 8/1999
processing 9/1999
processing 10/1999
processing 11/1999
processing 12/1999
merging yr
processing 1/2000
processing 2/2000
processing 3/2000
processing 4/2000
processing 5/2000
processing 6/2000
processing 7/2000
processing 8/2000
processing 9/2000
processing 10/2000
processing 11/2000
processing 12/2000
merging yr
processing 1/2001
processing 2/2001
processing 3/2001
processing 4/2001
processing 5/2001
processing 6/2001
processing 7/2001
processing 8/2001
processing 9/2001
processing 10/2001
processing 11/2001
processing 12/2001
merging yr
processing 1/2002
processing 2/2002
processing 3/2002
processing 4/2002
processing 5/2002
processing 6/2002
processing 7/2002
processing 8/2002
processing 9/2002
processing 10/2002
processing 11/2002
processing 12/2002
merging yr
processing 1/2003
processing 2/2003
processing 3/2003
processing 4/2003
processing 5/2003
processing 6/2003
processing 7/2003
processing 8/2003
processing 9/2003
processing 10/2003
processing 11/2003
processing 12/2003
merging yr
processing 1/2004
processing 2/2004
processing 3/2004
processing 4/2004
processing 5/2004
processing 6/2004
processing 7/2004
processing 8/2004
processing 9/2004
processing 10/2004
processing 11/2004
processing 12/2004
merging yr
processing 1/2005
processing 2/2005
processing 3/2005
processing 4/2005
processing 5/2005
processing 6/2005
processing 7/2005
processing 8/2005
processing 9/2005
processing 10/2005
processing 11/2005
processing 12/2005
merging yr
processing 1/2006
processing 2/2006
processing 3/2006
processing 4/2006
processing 5/2006
processing 6/2006
processing 7/2006
processing 8/2006
processing 9/2006
processing 10/2006
processing 11/2006
processing 12/2006
merging yr
processing 1/2007
processing 2/2007
processing 3/2007
processing 4/2007
processing 5/2007
processing 6/2007
processing 7/2007
processing 8/2007
processing 9/2007
processing 10/2007
processing 11/2007
processing 12/2007
merging yr
processing 1/2008
processing 2/2008
processing 3/2008
processing 4/2008
processing 5/2008
processing 6/2008
processing 7/2008
processing 8/2008
processing 9/2008
processing 10/2008
processing 11/2008
processing 12/2008
merging yr
processing 1/2009
processing 2/2009
processing 3/2009
processing 4/2009
processing 5/2009
processing 6/2009
processing 7/2009
processing 8/2009
processing 9/2009
processing 10/2009
processing 11/2009
processing 12/2009
merging yr
processing 1/2010
processing 2/2010
processing 3/2010
processing 4/2010
processing 5/2010
processing 6/2010
processing 7/2010
processing 8/2010
processing 9/2010
processing 10/2010
processing 11/2010
processing 12/2010
merging yr
processing 1/2011
processing 2/2011
processing 3/2011
processing 4/2011
processing 5/2011
processing 6/2011
processing 7/2011
processing 8/2011
processing 9/2011
processing 10/2011
processing 11/2011
processing 12/2011
merging yr
processing 1/2012
processing 2/2012
processing 3/2012
processing 4/2012
processing 5/2012
processing 6/2012
processing 7/2012
processing 8/2012
processing 9/2012
processing 10/2012
processing 11/2012
processing 12/2012
merging yr
processing 1/2013
processing 2/2013
processing 3/2013
processing 4/2013
processing 5/2013
processing 6/2013
processing 7/2013
processing 8/2013
processing 9/2013
processing 10/2013
processing 11/2013
processing 12/2013
merging yr
processing 1/2014
processing 2/2014
processing 3/2014
processing 4/2014
processing 5/2014
processing 6/2014
processing 7/2014
processing 8/2014
processing 9/2014
processing 10/2014
processing 11/2014
processing 12/2014
merging yr
processing 1/2015
processing 2/2015
processing 3/2015
processing 4/2015
processing 5/2015
processing 6/2015
processing 7/2015
processing 8/2015
processing 9/2015
processing 10/2015
processing 11/2015
processing 12/2015
merging yr
processing 1/2016
processing 2/2016
processing 3/2016
processing 4/2016
processing 5/2016
processing 6/2016
processing 7/2016
processing 8/2016
processing 9/2016
processing 10/2016
processing 11/2016
processing 12/2016
merging yr
processing 1/2017
processing 2/2017
processing 3/2017
processing 4/2017
processing 5/2017
processing 6/2017
processing 7/2017
processing 8/2017
processing 9/2017
processing 10/2017
processing 11/2017
processing 12/2017
merging yr
processing 1/2018
processing 2/2018
processing 3/2018
processing 4/2018
processing 5/2018
processing 6/2018
processing 7/2018
processing 8/2018
processing 9/2018
processing 10/2018
processing 11/2018
processing 12/2018
merging yr
processing 1/2019
processing 2/2019
processing 3/2019
processing 4/2019
processing 5/2019
processing 6/2019
processing 7/2019
processing 8/2019
processing 9/2019
processing 10/2019
processing 11/2019
processing 12/2019
merging yr
processing 1/2020
processing 2/2020
processing 3/2020
processing 4/2020
processing 5/2020
processing 6/2020
processing 7/2020
processing 8/2020
processing 9/2020
processing 10/2020
processing 11/2020
processing 12/2020
merging yr
processing 1/2010
processing 2/2010
processing 3/2010
processing 4/2010
processing 5/2010
processing 6/2010
processing 7/2010
processing 8/2010
processing 9/2010
processing 10/2010
processing 11/2010
processing 12/2010
merging yr
processing 1/2011
processing 2/2011
processing 3/2011
processing 4/2011
processing 5/2011
processing 6/2011
processing 7/2011
processing 8/2011
processing 9/2011
processing 10/2011
processing 11/2011
processing 12/2011
merging yr
processing 1/2012
processing 2/2012
processing 3/2012
processing 4/2012
processing 5/2012
processing 6/2012
processing 7/2012
processing 8/2012
processing 9/2012
processing 10/2012
processing 11/2012
processing 12/2012
merging yr
processing 1/2013
processing 2/2013
processing 3/2013
processing 4/2013
processing 5/2013
processing 6/2013
processing 7/2013
processing 8/2013
processing 9/2013
processing 10/2013
processing 11/2013
processing 12/2013
merging yr
processing 1/2014
processing 2/2014
processing 3/2014
processing 4/2014
processing 5/2014
processing 6/2014
processing 7/2014
processing 8/2014
processing 9/2014
processing 10/2014
processing 11/2014
processing 12/2014
merging yr
processing 1/2015
processing 2/2015
processing 3/2015
processing 4/2015
processing 5/2015
processing 6/2015
processing 7/2015
processing 8/2015
processing 9/2015
processing 10/2015
processing 11/2015
processing 12/2015
merging yr
processing 1/2016
processing 2/2016
processing 3/2016
processing 4/2016
processing 5/2016
processing 6/2016
processing 7/2016
processing 8/2016
processing 9/2016
processing 10/2016
processing 11/2016
processing 12/2016
merging yr
processing 1/2017
processing 2/2017
processing 3/2017
processing 4/2017
processing 5/2017
processing 6/2017
processing 7/2017
processing 8/2017
processing 9/2017
processing 10/2017
processing 11/2017
processing 12/2017
merging yr
processing 1/2018
processing 2/2018
processing 3/2018
processing 4/2018
processing 5/2018
processing 6/2018
processing 7/2018
processing 8/2018
processing 9/2018
processing 10/2018
processing 11/2018
processing 12/2018
merging yr
processing 1/2019
processing 2/2019
processing 3/2019
processing 4/2019
processing 5/2019
processing 6/2019
processing 7/2019
processing 8/2019
processing 9/2019
processing 10/2019
processing 11/2019
processing 12/2019
merging yr
processing 1/2020
processing 2/2020
processing 3/2020
processing 4/2020
processing 5/2020
processing 6/2020
processing 7/2020
processing 8/2020
processing 9/2020
processing 10/2020
processing 11/2020
processing 12/2020
merging yr
processing 1/1980
processing 2/1980
processing 3/1980
processing 4/1980
processing 5/1980
processing 6/1980
processing 7/1980
processing 8/1980
processing 9/1980
processing 10/1980
processing 11/1980
processing 12/1980
merging yr
processing 1/1981
processing 2/1981
processing 3/1981
processing 4/1981
processing 5/1981
processing 6/1981
processing 7/1981
processing 8/1981
processing 9/1981
processing 10/1981
processing 11/1981
processing 12/1981
merging yr
processing 1/1982
processing 2/1982
processing 3/1982
processing 4/1982
processing 5/1982
processing 6/1982
processing 7/1982
processing 8/1982
processing 9/1982
processing 10/1982
processing 11/1982
processing 12/1982
merging yr
processing 1/1983
processing 2/1983
processing 3/1983
processing 4/1983
processing 5/1983
processing 6/1983
processing 7/1983
processing 8/1983
processing 9/1983
processing 10/1983
processing 11/1983
processing 12/1983
merging yr
processing 1/1984
processing 2/1984
processing 3/1984
processing 4/1984
processing 5/1984
processing 6/1984
processing 7/1984
processing 8/1984
processing 9/1984
processing 10/1984
processing 11/1984
processing 12/1984
merging yr
processing 1/1985
processing 2/1985
processing 3/1985
processing 4/1985
processing 5/1985
processing 6/1985
processing 7/1985
processing 8/1985
processing 9/1985
processing 10/1985
processing 11/1985
processing 12/1985
merging yr
processing 1/1986
processing 2/1986
processing 3/1986
processing 4/1986
processing 5/1986
processing 6/1986
processing 7/1986
processing 8/1986
processing 9/1986
processing 10/1986
processing 11/1986
processing 12/1986
merging yr
processing 1/1987
processing 2/1987
processing 3/1987
processing 4/1987
processing 5/1987
processing 6/1987
processing 7/1987
processing 8/1987
processing 9/1987
processing 10/1987
processing 11/1987
processing 12/1987
merging yr
processing 1/1988
processing 2/1988
processing 3/1988
processing 4/1988
processing 5/1988
processing 6/1988
processing 7/1988
processing 8/1988
processing 9/1988
processing 10/1988
processing 11/1988
processing 12/1988
merging yr
processing 1/1989
processing 2/1989
processing 3/1989
processing 4/1989
processing 5/1989
processing 6/1989
processing 7/1989
processing 8/1989
processing 9/1989
processing 10/1989
processing 11/1989
processing 12/1989
merging yr
processing 1/1990
processing 2/1990
processing 3/1990
processing 4/1990
processing 5/1990
processing 6/1990
processing 7/1990
processing 8/1990
processing 9/1990
processing 10/1990
processing 11/1990
processing 12/1990
merging yr
processing 1/1991
processing 2/1991
processing 3/1991
processing 4/1991
processing 5/1991
processing 6/1991
processing 7/1991
processing 8/1991
processing 9/1991
processing 10/1991
processing 11/1991
processing 12/1991
merging yr
processing 1/1992
processing 2/1992
processing 3/1992
processing 4/1992
processing 5/1992
processing 6/1992
processing 7/1992
processing 8/1992
processing 9/1992
processing 10/1992
processing 11/1992
processing 12/1992
merging yr
processing 1/1993
processing 2/1993
processing 3/1993
processing 4/1993
processing 5/1993
processing 6/1993
processing 7/1993
processing 8/1993
processing 9/1993
processing 10/1993
processing 11/1993
processing 12/1993
merging yr
processing 1/1994
processing 2/1994
processing 3/1994
processing 4/1994
processing 5/1994
processing 6/1994
processing 7/1994
processing 8/1994
processing 9/1994
processing 10/1994
processing 11/1994
processing 12/1994
merging yr
processing 1/1995
processing 2/1995
processing 3/1995
processing 4/1995
processing 5/1995
processing 6/1995
processing 7/1995
processing 8/1995
processing 9/1995
processing 10/1995
processing 11/1995
processing 12/1995
merging yr
processing 1/1996
processing 2/1996
processing 3/1996
processing 4/1996
processing 5/1996
processing 6/1996
processing 7/1996
processing 8/1996
processing 9/1996
processing 10/1996
processing 11/1996
processing 12/1996
merging yr
processing 1/1997
processing 2/1997
processing 3/1997
processing 4/1997
processing 5/1997
processing 6/1997
processing 7/1997
processing 8/1997
processing 9/1997
processing 10/1997
processing 11/1997
processing 12/1997
merging yr
processing 1/1998
processing 2/1998
processing 3/1998
processing 4/1998
processing 5/1998
processing 6/1998
processing 7/1998
processing 8/1998
processing 9/1998
processing 10/1998
processing 11/1998
processing 12/1998
merging yr
processing 1/1999
processing 2/1999
processing 3/1999
processing 4/1999
processing 5/1999
processing 6/1999
processing 7/1999
processing 8/1999
processing 9/1999
processing 10/1999
processing 11/1999
processing 12/1999
merging yr
processing 1/2000
processing 2/2000
processing 3/2000
processing 4/2000
processing 5/2000
processing 6/2000
processing 7/2000
processing 8/2000
processing 9/2000
processing 10/2000
processing 11/2000
processing 12/2000
merging yr
processing 1/2001
processing 2/2001
processing 3/2001
processing 4/2001
processing 5/2001
processing 6/2001
processing 7/2001
processing 8/2001
processing 9/2001
processing 10/2001
processing 11/2001
processing 12/2001
merging yr
processing 1/2002
processing 2/2002
processing 3/2002
processing 4/2002
processing 5/2002
processing 6/2002
processing 7/2002
processing 8/2002
processing 9/2002
processing 10/2002
processing 11/2002
processing 12/2002
merging yr
processing 1/2003
processing 2/2003
processing 3/2003
processing 4/2003
processing 5/2003
processing 6/2003
processing 7/2003
processing 8/2003
processing 9/2003
processing 10/2003
processing 11/2003
processing 12/2003
merging yr
processing 1/2004
processing 2/2004
processing 3/2004
processing 4/2004
processing 5/2004
processing 6/2004
processing 7/2004
processing 8/2004
processing 9/2004
processing 10/2004
processing 11/2004
processing 12/2004
merging yr
processing 1/2005
processing 2/2005
processing 3/2005
processing 4/2005
processing 5/2005
processing 6/2005
processing 7/2005
processing 8/2005
processing 9/2005
processing 10/2005
processing 11/2005
processing 12/2005
merging yr
processing 1/2006
processing 2/2006
processing 3/2006
processing 4/2006
processing 5/2006
processing 6/2006
processing 7/2006
processing 8/2006
processing 9/2006
processing 10/2006
processing 11/2006
processing 12/2006
merging yr
processing 1/2007
processing 2/2007
processing 3/2007
processing 4/2007
processing 5/2007
processing 6/2007
processing 7/2007
processing 8/2007
processing 9/2007
processing 10/2007
processing 11/2007
processing 12/2007
merging yr
processing 1/2008
processing 2/2008
processing 3/2008
processing 4/2008
processing 5/2008
processing 6/2008
processing 7/2008
processing 8/2008
processing 9/2008
processing 10/2008
processing 11/2008
processing 12/2008
merging yr
processing 1/2009
processing 2/2009
processing 3/2009
processing 4/2009
processing 5/2009
processing 6/2009
processing 7/2009
processing 8/2009
processing 9/2009
processing 10/2009
processing 11/2009
processing 12/2009
merging yr
processing 1/2010
processing 2/2010
processing 3/2010
processing 4/2010
processing 5/2010
processing 6/2010
processing 7/2010
processing 8/2010
processing 9/2010
processing 10/2010
processing 11/2010
processing 12/2010
merging yr
